-------------------------------------------------------------------------------
Test set: com.projmanagerapp.projmanagerapp.ProjmanagerappApplicationTests
-------------------------------------------------------------------------------
Tests run: 1, Failures: 0, Errors: 1, Skipped: 0, Time elapsed: 0.532 s <<< FAILURE! - in com.projmanagerapp.projmanagerapp.ProjmanagerappApplicationTests
initializationError(com.projmanagerapp.projmanagerapp.ProjmanagerappApplicationTests)  Time elapsed: 0.009 s  <<< ERROR!
java.lang.IllegalStateException: Unable to find a @SpringBootConfiguration, you need to use @ContextConfiguration or @SpringBootTest(classes=...) with your test

